ARM GAS  /tmp/ccN7e7mF.s 			page 1


   1              		.cpu cortex-m4
   2              		.arch armv7e-m
   3              		.fpu fpv4-sp-d16
   4              		.eabi_attribute 27, 1
   5              		.eabi_attribute 28, 1
   6              		.eabi_attribute 20, 1
   7              		.eabi_attribute 21, 1
   8              		.eabi_attribute 23, 3
   9              		.eabi_attribute 24, 1
  10              		.eabi_attribute 25, 1
  11              		.eabi_attribute 26, 1
  12              		.eabi_attribute 30, 1
  13              		.eabi_attribute 34, 1
  14              		.eabi_attribute 18, 4
  15              		.file	"da_main.c"
  16              		.text
  17              	.Ltext0:
  18              		.cfi_sections	.debug_frame
  19              		.section	.text.main,"ax",%progbits
  20              		.align	1
  21              		.global	main
  22              		.syntax unified
  23              		.thumb
  24              		.thumb_func
  26              	main:
  27              	.LFB130:
  28              		.file 1 "../data_acq_self/src/da_main.c"
   1:../data_acq_self/src/da_main.c **** #include "main.h"
   2:../data_acq_self/src/da_main.c **** #include "gpio.h"
   3:../data_acq_self/src/da_main.c **** #include <stdint.h>
   4:../data_acq_self/src/da_main.c **** 
   5:../data_acq_self/src/da_main.c **** /***************************** Prototypes ****************************/
   6:../data_acq_self/src/da_main.c **** extern void SystemClock_Config(void);
   7:../data_acq_self/src/da_main.c **** 
   8:../data_acq_self/src/da_main.c **** int main(void)
   9:../data_acq_self/src/da_main.c **** {
  29              		.loc 1 9 1 view -0
  30              		.cfi_startproc
  31              		@ args = 0, pretend = 0, frame = 16
  32              		@ frame_needed = 0, uses_anonymous_args = 0
  33 0000 10B5     		push	{r4, lr}
  34              	.LCFI0:
  35              		.cfi_def_cfa_offset 8
  36              		.cfi_offset 4, -8
  37              		.cfi_offset 14, -4
  38 0002 84B0     		sub	sp, sp, #16
  39              	.LCFI1:
  40              		.cfi_def_cfa_offset 24
  10:../data_acq_self/src/da_main.c ****     // Reset of all peripherals, Initializes the Flash interface and the Systick
  11:../data_acq_self/src/da_main.c ****     HAL_Init();
  41              		.loc 1 11 5 view .LVU1
  42 0004 FFF7FEFF 		bl	HAL_Init
  43              	.LVL0:
  12:../data_acq_self/src/da_main.c **** 
  13:../data_acq_self/src/da_main.c ****     // Configure the system clock
  14:../data_acq_self/src/da_main.c ****     SystemClock_Config();
  44              		.loc 1 14 5 view .LVU2
ARM GAS  /tmp/ccN7e7mF.s 			page 2


  45 0008 FFF7FEFF 		bl	SystemClock_Config
  46              	.LVL1:
  15:../data_acq_self/src/da_main.c **** 
  16:../data_acq_self/src/da_main.c ****     // Initialize all configured peripherals
  17:../data_acq_self/src/da_main.c ****     MX_GPIO_Init();
  47              		.loc 1 17 5 view .LVU3
  48 000c FFF7FEFF 		bl	MX_GPIO_Init
  49              	.LVL2:
  18:../data_acq_self/src/da_main.c **** 
  19:../data_acq_self/src/da_main.c ****     uint16_t led_pins[] = {LED1_Pin, LED2_Pin, LED3_Pin, LED4_Pin, LED5_Pin, LED6_Pin, LED7_Pin, LE
  50              		.loc 1 19 5 view .LVU4
  51              		.loc 1 19 14 is_stmt 0 view .LVU5
  52 0010 0B4B     		ldr	r3, .L6
  53 0012 0FCB     		ldm	r3, {r0, r1, r2, r3}
  54 0014 04AC     		add	r4, sp, #16
  55 0016 04E90F00 		stmdb	r4, {r0, r1, r2, r3}
  56 001a 0EE0     		b	.L4
  57              	.LVL3:
  58              	.L3:
  59              	.LBB2:
  20:../data_acq_self/src/da_main.c **** 
  21:../data_acq_self/src/da_main.c ****     while (1)
  22:../data_acq_self/src/da_main.c ****     {
  23:../data_acq_self/src/da_main.c ****         for (int i = 0; i < (sizeof(led_pins) / sizeof(uint16_t)); ++i)
  24:../data_acq_self/src/da_main.c ****         {
  25:../data_acq_self/src/da_main.c ****             HAL_GPIO_TogglePin(GPIOE, led_pins[i]);
  60              		.loc 1 25 13 is_stmt 1 discriminator 3 view .LVU6
  61 001c 04AB     		add	r3, sp, #16
  62 001e 03EB4403 		add	r3, r3, r4, lsl #1
  63 0022 33F8101C 		ldrh	r1, [r3, #-16]
  64 0026 0748     		ldr	r0, .L6+4
  65 0028 FFF7FEFF 		bl	HAL_GPIO_TogglePin
  66              	.LVL4:
  26:../data_acq_self/src/da_main.c ****             HAL_Delay(1000);
  67              		.loc 1 26 13 discriminator 3 view .LVU7
  68 002c 4FF47A70 		mov	r0, #1000
  69 0030 FFF7FEFF 		bl	HAL_Delay
  70              	.LVL5:
  23:../data_acq_self/src/da_main.c ****         {
  71              		.loc 1 23 68 discriminator 3 view .LVU8
  72 0034 0134     		adds	r4, r4, #1
  73              	.LVL6:
  74              	.L2:
  23:../data_acq_self/src/da_main.c ****         {
  75              		.loc 1 23 25 discriminator 1 view .LVU9
  23:../data_acq_self/src/da_main.c ****         {
  76              		.loc 1 23 9 is_stmt 0 discriminator 1 view .LVU10
  77 0036 072C     		cmp	r4, #7
  78 0038 F0D9     		bls	.L3
  79              	.LVL7:
  80              	.L4:
  23:../data_acq_self/src/da_main.c ****         {
  81              		.loc 1 23 9 discriminator 1 view .LVU11
  82              	.LBE2:
  21:../data_acq_self/src/da_main.c ****     {
  83              		.loc 1 21 5 is_stmt 1 view .LVU12
  23:../data_acq_self/src/da_main.c ****         {
ARM GAS  /tmp/ccN7e7mF.s 			page 3


  84              		.loc 1 23 9 view .LVU13
  85              	.LBB3:
  23:../data_acq_self/src/da_main.c ****         {
  86              		.loc 1 23 14 view .LVU14
  23:../data_acq_self/src/da_main.c ****         {
  87              		.loc 1 23 18 is_stmt 0 view .LVU15
  88 003a 0024     		movs	r4, #0
  23:../data_acq_self/src/da_main.c ****         {
  89              		.loc 1 23 9 view .LVU16
  90 003c FBE7     		b	.L2
  91              	.L7:
  92 003e 00BF     		.align	2
  93              	.L6:
  94 0040 00000000 		.word	.LANCHOR0
  95 0044 00100048 		.word	1207963648
  96              	.LBE3:
  97              		.cfi_endproc
  98              	.LFE130:
 100              		.section	.rodata
 101              		.align	2
 102              		.set	.LANCHOR0,. + 0
 103              	.LC0:
 104 0000 0001     		.short	256
 105 0002 0002     		.short	512
 106 0004 0004     		.short	1024
 107 0006 0008     		.short	2048
 108 0008 0010     		.short	4096
 109 000a 0020     		.short	8192
 110 000c 0040     		.short	16384
 111 000e 0080     		.short	-32768
 112              		.text
 113              	.Letext0:
 114              		.file 2 "/opt/gcc-arm-none-eabi-10.3-2021.10/arm-none-eabi/include/machine/_default_types.h"
 115              		.file 3 "/opt/gcc-arm-none-eabi-10.3-2021.10/arm-none-eabi/include/sys/_stdint.h"
 116              		.file 4 "Drivers/CMSIS/Device/ST/STM32F3xx/Include/stm32f303xc.h"
 117              		.file 5 "Drivers/STM32F3xx_HAL_Driver/Inc/stm32f3xx_hal_gpio.h"
 118              		.file 6 "Drivers/STM32F3xx_HAL_Driver/Inc/stm32f3xx_hal.h"
 119              		.file 7 "Core/Inc/gpio.h"
ARM GAS  /tmp/ccN7e7mF.s 			page 4


DEFINED SYMBOLS
                            *ABS*:0000000000000000 da_main.c
     /tmp/ccN7e7mF.s:20     .text.main:0000000000000000 $t
     /tmp/ccN7e7mF.s:26     .text.main:0000000000000000 main
     /tmp/ccN7e7mF.s:94     .text.main:0000000000000040 $d
     /tmp/ccN7e7mF.s:101    .rodata:0000000000000000 $d

UNDEFINED SYMBOLS
HAL_Init
SystemClock_Config
MX_GPIO_Init
HAL_GPIO_TogglePin
HAL_Delay
